<component name="libraryTable">
  <library name="junit.platform.console.standalone" type="repository">
    <properties maven-id="org.junit.platform:junit-platform-console-standalone:1.13.0-M3" />
    <CLASSES>
      <root url="jar://$MAVEN_REPOSITORY$/org/junit/platform/junit-platform-console-standalone/1.13.0-M3/junit-platform-console-standalone-1.13.0-M3.jar!/" />
    </CLASSES>
    <JAVADOC />
    <SOURCES />
  </library>
</component>